5104: 12:41:24.351 - ---
5104: 12:41:24.351 - Service: "Photon Socket Server" starting
5104: 12:41:24.351 - Config File: D:\Projects\msr\Photon Server\deploy\bin_Win64\PhotonServer.config
5104: 12:41:24.351 - Will produce at most: 10 crash dumps
5104: 12:41:24.352 - Action: run as exe
5104: 12:41:24.352 - Server Starting...
5104: 12:41:24.352 -    Tick count: 500679890 (wraps in: 43.9154 days)
5104: 12:41:24.352 - Tick count 64: 500679890
5104: 12:41:24.352 - Photon Version: 3.4.5.2597
5104: 12:41:24.352 - PID: 3060
5104: 12:41:24.352 - Config File: D:\Projects\msr\Photon Server\deploy\bin_Win64\PhotonServer.config
5104: 12:41:24.352 - Will NOT log unimportant exceptions
5104: 12:41:24.354 - Not using performance counters as they are not currently installed. Run the service with /InstallCounters to install them.
5104: 12:41:24.354 - Shutdown timeout enabled: 30000ms
5104: 12:41:24.354 - Starting I/O thread pool with 2 threads
5104: 12:41:24.354 - Using Standard allocator
5104: 12:41:24.354 - Max message size: 512000
5104: 12:41:24.354 - Starting business logic thread pool with the following settings
5104: 12:41:24.354 - InitialThreads: 4 threads
5104: 12:41:24.354 - MinThreads: 4 threads
5104: 12:41:24.354 - Thread pool is fixed size
5104: 12:41:24.355 - Starting ENet thread pool with the following settings
5104: 12:41:24.355 - InitialThreads: 2 threads
5104: 12:41:24.355 - MinThreads: 2 threads
5104: 12:41:24.355 - Thread pool is fixed size
5104: 12:41:24.355 - OnlyDispatchTimers: False
5104: 12:41:24.355 - S2S: flow control: Max pending writes: 50
5104: 12:41:24.355 - S2S: flow control: Max queued buffers: 200
5104: 12:41:24.355 - S2S: flow control: Max pending writes MUX: 500
5104: 12:41:24.355 - S2S: flow control: Max queued buffers MUX: 2000
5104: 12:41:24.355 - S2S: MaxInboundMessageSize: 512000
5104: 12:41:24.355 - S2S: MaxOutboundMessageSize: 512000
5104: 12:41:24.355 - S2S: No inactivity timeout
5104: 12:41:24.356 - Cannot enable FILE_SKIP_COMPLETION_PORT_ON_SUCCESS as "BfLLR over [MSAFD Tcpip [TCP/IP]]" does not support XP1_IFS_HANDLES. ServiceFlags1 = 0x66
5104: 12:41:24.356 - Cannot enable FILE_SKIP_COMPLETION_PORT_ON_SUCCESS as "BfLLR over [MSAFD Tcpip [TCP/IP]]" does not support XP1_IFS_HANDLES. ServiceFlags1 = 0x66
5104: 12:41:24.356 - WebSocket S2S: MaxInboundMessageSize: 512000
5104: 12:41:24.356 - WebSocket S2S: MaxOutboundMessageSize: 512000
5104: 12:41:24.356 - WebSocket S2S: No inactivity timeout
5104: 12:41:24.356 - Cannot enable FILE_SKIP_COMPLETION_PORT_ON_SUCCESS as "BfLLR over [MSAFD Tcpip [TCP/IP]]" does not support XP1_IFS_HANDLES. ServiceFlags1 = 0x66
5104: 12:41:24.378 - Max Reliable Data In Transit (awaiting ACKs) per peer : 51200 bytes
5104: 12:41:24.378 - Per peer bandwidth limit
5104: 12:41:24.378 - Transmit Rate Limit: 256 KB/Sec
5104: 12:41:24.378 - Limit period: 200ms
5104: 12:41:24.378 - Limit per period: 52428 bytes
5104: 12:41:24.378 - Max queued data for transmission per peer: 512000 bytes
5104: 12:41:24.378 - Minimum retransmit timeout: 200
5104: 12:41:24.378 - Minimum ENet timeout: 5000ms
5104: 12:41:24.378 - Maximum ENet timeout: 30000ms
5104: 12:41:24.378 - Max Inbound Reliable Data Queued (awaiting resends of earlier sequence numbers) per peer : 163840 bytes
5104: 12:41:24.378 - Outbound ENet: MaxInboundMessageSize: 512000
5104: 12:41:24.378 - Outbound ENet: MaxOutboundMessageSize: 512000
5104: 12:41:24.378 - Cannot enable FILE_SKIP_COMPLETION_PORT_ON_SUCCESS as "BfLLR over [MSAFD Tcpip [TCP/IP]]" does not support XP1_IFS_HANDLES. ServiceFlags1 = 0x66
5104: 12:41:24.381 - GetRuntime - About to load CLR - versions available:
5104: 12:41:24.381 - v2.0.50727
5104: 12:41:24.381 - v4.0.30319
5104: 12:41:24.381 - Configuration requests: "v2.0.50727"
5104: 12:41:24.381 - About to load version: "v2.0.50727"
5104: 12:41:24.392 - About to load runtime: PhotonHostRuntime.PhotonDomainManager from PhotonHostRuntime, Culture=neutral, PublicKeyToken=02C301B61B060C4D
5104: 12:41:24.392 - CLRBaseDirectory set to "D:\Projects\msr\Photon Server\deploy"
5104: 12:41:24.392 - Optimising event broadcast for 20 or more peers
5104: 12:41:24.392 - Start: About to load CLR - versions available:
5104: 12:41:24.392 - v2.0.50727
5104: 12:41:24.392 - v4.0.30319
5104: 12:41:24.392 - No preference in configuration file, will load latest.
5104: 12:41:24.392 - About to load version: "v4.0.30319"
5104: 12:41:24.393 - Loaded version: "v4.0.30319"
5104: 12:41:24.691 - Photon host runtime loaded
5104: 12:41:29.657 - LICENSE: No license file was found. Starting with Bootstrap License.
5104: 12:41:29.657 - License is valid.
5104: 12:41:29.657 - Licensed for 20 concurrent connections.
5104: 12:41:29.657 - ENet: Max Reliable Data In Transit (awaiting ACKs) per peer : 51200 bytes
5104: 12:41:29.657 - ENet: Per peer bandwidth limit
5104: 12:41:29.657 - ENet: Transmit Rate Limit: 256 KB/Sec
5104: 12:41:29.657 - ENet: Limit period: 200ms
5104: 12:41:29.657 - ENet: Limit per period: 52428 bytes
5104: 12:41:29.657 - ENet: Max queued data for transmission per peer: 512000 bytes
5104: 12:41:29.657 - ENet: Minimum retransmit timeout: 200
5104: 12:41:29.657 - ENet: Minimum timeout: 5000ms
5104: 12:41:29.657 - ENet: Maximum timeout: 30000ms
5104: 12:41:29.657 - ENet: Max Inbound Reliable Data Queued (awaiting resends of earlier sequence numbers) per peer : 163840 bytes
5104: 12:41:29.657 - About to load application: Lite from Lite
5104: 12:41:29.657 - Auto restart is enabled for application, existing connections will be terminated during restart
5104: 12:41:29.657 - Application will restart 1000ms after the last change detected
5104: 12:41:29.657 - Application will restart if files matching the following are changed: "dll;config"
5104: 12:41:29.657 - Application will NOT restart if files matching the following are changed: "log4net.config"
5104: 12:41:29.749 - Taking reference on default app domain
5104: 12:41:29.793 - Application: "Lite" started in app domain: 2
5104: 12:41:29.793 - About to load application: LiteLobby from LiteLobby
5104: 12:41:29.793 - Auto restart is enabled for application, existing connections will be terminated during restart
5104: 12:41:29.793 - Application will restart 1000ms after the last change detected
5104: 12:41:29.793 - Application will restart if files matching the following are changed: "dll;config"
5104: 12:41:29.793 - Application will NOT restart if files matching the following are changed: "log4net.config"
5104: 12:41:29.840 - Taking reference on default app domain
5104: 12:41:29.888 - Application: "LiteLobby" started in app domain: 3
5104: 12:41:29.888 - About to load application: MmoDemo from Photon.MmoDemo.Server
5104: 12:41:29.888 - Auto restart is enabled for application, existing connections will be terminated during restart
5104: 12:41:29.888 - Application will restart 1000ms after the last change detected
5104: 12:41:29.888 - Application will restart if files matching the following are changed: "dll;config"
5104: 12:41:29.888 - Application will NOT restart if files matching the following are changed: "log4net.config"
5104: 12:41:29.946 - Taking reference on default app domain
5104: 12:41:29.973 - Application: "MmoDemo" started in app domain: 4
5104: 12:41:29.973 - About to load application: CounterPublisher from CounterPublisher
5104: 12:41:29.973 - Auto restart is enabled for application, existing connections will be terminated during restart
5104: 12:41:29.973 - Application will restart 1000ms after the last change detected
5104: 12:41:29.973 - Application will restart if files matching the following are changed: "dll;config"
5104: 12:41:29.973 - Application will NOT restart if files matching the following are changed: "log4net.config"
5104: 12:41:30.122 - Taking reference on default app domain
5104: 12:41:30.155 - Application: "CounterPublisher" started in app domain: 5
5104: 12:41:30.155 - Adding TCP listener on :0.0.0.0: 4530 with a listen backlog of: 150
5104: 12:41:30.155 - TCP inactivity timeout: 10000ms
5104: 12:41:30.155 - TCP disconnect timeout: 120000ms
5104: 12:41:30.155 - MaxInboundMessageSize: 512000
5104: 12:41:30.155 - MaxOutboundMessageSize: 512000
5104: 12:41:30.155 - Serving policy file requests from: "D:\Projects\msr\Photon Server\deploy\Policy\assets\socket-policy.xml"
5104: 12:41:30.155 - Cannot enable FILE_SKIP_COMPLETION_PORT_ON_SUCCESS as "BfLLR over [MSAFD Tcpip [TCP/IP]]" does not support XP1_IFS_HANDLES. ServiceFlags1 = 0x66
5104: 12:41:30.155 - MaxInboundMessageSize: 512000
5104: 12:41:30.155 - MaxOutboundMessageSize: 512000
5104: 12:41:30.155 - UDP address specified as:0.0.0.0 adding listener to each available IPv4 address
5104: 12:41:30.156 - Adding UDP listener on :192.168.142.1: 5055 with a listen backlog of: 500
5104: 12:41:30.156 - Cannot enable FILE_SKIP_COMPLETION_PORT_ON_SUCCESS as "BfLLR over [MSAFD Tcpip [TCP/IP]]" does not support XP1_IFS_HANDLES. ServiceFlags1 = 0x66
5104: 12:41:30.156 - Adding UDP listener on :192.168.116.1: 5055 with a listen backlog of: 500
5104: 12:41:30.156 - Cannot enable FILE_SKIP_COMPLETION_PORT_ON_SUCCESS as "BfLLR over [MSAFD Tcpip [TCP/IP]]" does not support XP1_IFS_HANDLES. ServiceFlags1 = 0x66
5104: 12:41:30.156 - Adding UDP listener on :10.128.26.107: 5055 with a listen backlog of: 500
5104: 12:41:30.156 - Cannot enable FILE_SKIP_COMPLETION_PORT_ON_SUCCESS as "BfLLR over [MSAFD Tcpip [TCP/IP]]" does not support XP1_IFS_HANDLES. ServiceFlags1 = 0x66
5104: 12:41:30.156 - Adding UDP listener on :127.0.0.1: 5055 with a listen backlog of: 500
5104: 12:41:30.156 - Cannot enable FILE_SKIP_COMPLETION_PORT_ON_SUCCESS as "BfLLR over [MSAFD Tcpip [TCP/IP]]" does not support XP1_IFS_HANDLES. ServiceFlags1 = 0x66
5104: 12:41:30.156 - Adding WebSocket TCP listener on :0.0.0.0: 9090 with a listen backlog of: 150
5104: 12:41:30.156 - Nagle disabled
5104: 12:41:30.156 - TCP inactivity timeout: 10000ms
5104: 12:41:30.156 - MaxInboundMessageSize: 512000
5104: 12:41:30.156 - MaxOutboundMessageSize: 512000
5104: 12:41:30.156 - Forcing all applications ids to: "Lite"
5104: 12:41:30.156 - Will accept ANY sub-protocols from the client
5104: 12:41:30.156 - No automatic WebSocket ping
5104: 12:41:30.156 - Cannot enable FILE_SKIP_COMPLETION_PORT_ON_SUCCESS as "BfLLR over [MSAFD Tcpip [TCP/IP]]" does not support XP1_IFS_HANDLES. ServiceFlags1 = 0x66
5104: 12:41:30.156 - Adding Policy File listener on :0.0.0.0: 843 with a listen backlog of: 150 and serving Policy File: "D:\Projects\msr\Photon Server\deploy\Policy\assets\socket-policy.xml"
5104: 12:41:30.156 - TCP inactivity timeout: 10000ms
5104: 12:41:30.156 - Cannot enable FILE_SKIP_COMPLETION_PORT_ON_SUCCESS as "BfLLR over [MSAFD Tcpip [TCP/IP]]" does not support XP1_IFS_HANDLES. ServiceFlags1 = 0x66
5104: 12:41:30.156 - Adding Policy File listener on :0.0.0.0: 943 with a listen backlog of: 150 and serving Policy File: "D:\Projects\msr\Photon Server\deploy\Policy\assets\socket-policy-silverlight.xml"
5104: 12:41:30.156 - TCP inactivity timeout: 10000ms
5104: 12:41:30.156 - Cannot enable FILE_SKIP_COMPLETION_PORT_ON_SUCCESS as "BfLLR over [MSAFD Tcpip [TCP/IP]]" does not support XP1_IFS_HANDLES. ServiceFlags1 = 0x66
5104: 12:41:30.206 - Service is running...
5104: 12:42:14.554 - Service is stopped...
5104: 12:42:14.554 - Server shutting down...
5104: 12:42:14.554 - Shutdown monitoring enabled, 30000ms before process abort
5104: 12:42:14.554 - Notifying CLR applications of shutdown...
5104: 12:42:14.554 - RequestApplicationStop: 5
5104: 12:42:14.557 - RequestApplicationStop: 2
5104: 12:42:14.561 - RequestApplicationStop: 3
5104: 12:42:14.563 - RequestApplicationStop: 4
5104: 12:42:14.565 - RequestStop: defalt app domain
5104: 12:42:14.566 - Shutting down WebSocket Outbound Connection Manager...
5104: 12:42:14.566 - Shutting down TCP Outbound Connection Manager...
5104: 12:42:14.566 - Shutting down ENet Outbound Connection Manager...
5104: 12:42:14.566 - Disconnecting all outbound peers...
5104: 12:42:14.566 - Shutting down ENet host...
5104: 12:42:14.566 - Disconnecting all peers...
5104: 12:42:14.566 - Shutting down socket servers...
5104: 12:42:14.566 - Shutting down ENet thread pool...
5104: 12:42:14.566 - Shutting down TCP inactivity timers...
5104: 12:42:14.566 - WaitingForShutdownToComplete: NativePolicy:0.0.0.0:843
5104: 12:42:14.566 - OnShutdownCompleted: NativePolicy:0.0.0.0:843
5104: 12:42:14.566 - WaitingForShutdownToComplete: NativePolicy:0.0.0.0:943
5104: 12:42:14.566 - OnShutdownCompleted: NativePolicy:0.0.0.0:943
5104: 12:42:14.566 - WaitingForShutdownToComplete: TCP:0.0.0.0:4530
5104: 12:42:14.566 - OnShutdownCompleted: TCP:0.0.0.0:4530
5104: 12:42:14.566 - WaitingForShutdownToComplete: UDP:10.128.26.107:5055
5104: 12:42:14.566 - OnShutdownCompleted: UDP:10.128.26.107:5055
5104: 12:42:14.566 - WaitingForShutdownToComplete: UDP:127.0.0.1:5055
5104: 12:42:14.566 - OnShutdownCompleted: UDP:127.0.0.1:5055
5104: 12:42:14.566 - WaitingForShutdownToComplete: UDP:192.168.116.1:5055
5104: 12:42:14.566 - OnShutdownCompleted: UDP:192.168.116.1:5055
5104: 12:42:14.566 - WaitingForShutdownToComplete: UDP:192.168.142.1:5055
5104: 12:42:14.566 - OnShutdownCompleted: UDP:192.168.142.1:5055
5104: 12:42:14.566 - WaitingForShutdownToComplete: WebSocket:0.0.0.0:9090
5104: 12:42:14.566 - OnShutdownCompleted: WebSocket:0.0.0.0:9090
5104: 12:42:14.566 - Shutting down CLR applications...
5800: 12:42:14.574 - CManagedHost::OnDefaultAction() - OPR_AppDomainUnload - eUnloadAppDomain
5104: 12:42:14.580 - Shutting down business logic thread pool...
5104: 12:42:14.580 - Shutting down I/O thread pool...
5104: 12:42:14.580 - Destroying servers
5104: 12:42:14.580 - Destroying WebSocket Outbound Connection Manager
5104: 12:42:14.580 - Destroying TCP Outbound Connection Manager
5104: 12:42:14.580 - Destroying TCP inactivity timer
5104: 12:42:14.580 - Destroying ENet timer wheel
5104: 12:42:14.581 - Destroying ENet host
5104: 12:42:14.581 - Destroying ENet outbound host
5104: 12:42:14.581 - Destroying HTTP inactivity timer
5104: 12:42:14.581 - Destroying HTTP host
5104: 12:42:14.581 - Flushing ENET buffer allocator...
5104: 12:42:14.582 - Flushing TCP buffer handle allocator...
5104: 12:42:14.582 - Flushing stream socket allocator...
5104: 12:42:14.582 - Flushing inbound datagram socket allocator...
5104: 12:42:14.582 - Flushing outbound datagram socket allocator...
5104: 12:42:14.582 - Destroying CLR dispatcher
5104: 12:42:14.582 - Destroying CLR applications
5104: 12:42:14.582 - ~CCLRApplicationCollection() - Waiting up to 10 seconds for the CLR to release all of our objects
5012: 12:42:14.592 - Unloading Domain: ApplicationName = 'CounterPublisher', DomainId='5'
5800: 12:42:14.592 - CManagedHost::OnDomainUnload() - 5
5800: 12:42:14.604 - CManagedHost::OnDefaultAction() - OPR_AppDomainUnload - eUnloadAppDomain
5012: 12:42:14.620 - Unloading Domain: ApplicationName = 'Lite', DomainId='2'
5800: 12:42:14.620 - CManagedHost::OnDomainUnload() - 2
5800: 12:42:14.623 - CManagedHost::OnDefaultAction() - OPR_AppDomainUnload - eUnloadAppDomain
5012: 12:42:14.638 - Unloading Domain: ApplicationName = 'LiteLobby', DomainId='3'
5800: 12:42:14.638 - CManagedHost::OnDomainUnload() - 3
5800: 12:42:14.638 - CManagedHost::OnDefaultAction() - OPR_AppDomainUnload - eUnloadAppDomain
5012: 12:42:14.638 - Unloading Domain: ApplicationName = 'MmoDemo', DomainId='4'
5800: 12:42:14.638 - CManagedHost::OnDomainUnload() - 4
5104: 12:42:14.638 - ~CCLRApplicationCollection() - Done. All objects released
5104: 12:42:14.638 - ~CManagedHost() - Release default app domain
5104: 12:42:14.638 - CManagedHost::OnDomainUnload() - 1
5104: 12:42:14.638 - ~CManagedHost() - Waiting up to 10 seconds for CLR shutdown...
5104: 12:42:14.638 - ~CManagedHost
5104: 12:42:14.638 - Destroying ENet thread pool
5104: 12:42:14.638 - Destroying Business logic thread pool
5104: 12:42:14.638 - Destroying I/O thread pool
5104: 12:42:14.638 - Destroying ENet buffer allocator
5104: 12:42:14.638 - Destroying TCP buffer allocator
5104: 12:42:14.638 - Destroying TCP socket allocator
5104: 12:42:14.638 - Destroying ENet inbound socket allocator
5104: 12:42:14.638 - Destroying ENet outbound socket allocator
5104: 12:42:14.638 - Shutdown complete...
5104: 12:42:14.638 - Service shutting down
5104: 12:42:14.638 - Service shut down complete
