2014-12-17 12:41:24,673 [ 1] INFO  PhotonHostRuntime.PhotonDomainManager - Initialize: ApplicationName = 'DefaultDomain', DomainID = '1'
2014-12-17 12:41:24,691 [ 1] INFO  PhotonHostRuntime.PhotonDomainManager - AppDomains with unhandled exceptions are usually not unloaded and restarted.
2014-12-17 12:41:24,691 [ 1] INFO  PhotonHostRuntime.PhotonDomainManager - Getting license information:
2014-12-17 12:41:28,379 [ 1] INFO  PhotonHostRuntime.PhotonLicensing - LICENSE: No license file was found - starting with Bootstrap License.
2014-12-17 12:41:28,379 [ 1] INFO  PhotonHostRuntime.PhotonLicensing - LICENSE: Expiration: never; floating license: no; max connections: 20; valid IPs: any
2014-12-17 12:41:29,669 [ 1] INFO  PhotonHostRuntime.PhotonDomainManager - CreateAppDomain: name = 'Lite' , assemblyName = 'Lite'
2014-12-17 12:41:29,670 [ 1] INFO  PhotonHostRuntime.PhotonDomainManager -   ApplicationBase = 'D:\Projects\msr\Photon Server\deploy'
2014-12-17 12:41:29,671 [ 1] INFO  PhotonHostRuntime.PhotonDomainManager -   PrivateBinPath = 'D:\Projects\msr\Photon Server\deploy\Lite\bin;bin_Win64;Shared;'
2014-12-17 12:41:29,671 [ 1] INFO  PhotonHostRuntime.PhotonDomainManager -   ConfigurationFile = 'D:\Projects\msr\Photon Server\deploy\Lite\bin\Lite.dll.config'
2014-12-17 12:41:29,671 [ 1] INFO  PhotonHostRuntime.PhotonDomainManager -   CachePath = 'D:\Projects\msr\Photon Server\deploy\Lite\bin\Cache'
2014-12-17 12:41:29,748 [ 1] INFO  PhotonHostRuntime.PhotonDomainManager -   ApplicationPath = 'D:\Projects\msr\Photon Server\deploy\Lite'
2014-12-17 12:41:29,748 [ 1] INFO  PhotonHostRuntime.PhotonDomainManager -   BinaryPath = 'D:\Projects\msr\Photon Server\deploy\Lite\bin'
2014-12-17 12:41:29,748 [ 1] INFO  PhotonHostRuntime.PhotonDomainManager -   ApplicationRootPath = 'D:\Projects\msr\Photon Server\deploy'
2014-12-17 12:41:29,749 [ 1] INFO  PhotonHostRuntime.PhotonDomainManager -   UnmanagedLogPath = 'D:\Projects\msr\Photon Server\deploy\bin_Win64\log'
2014-12-17 12:41:29,758 [ 1] INFO  PhotonHostRuntime.PhotonDomainManager - AssemblyLoadEvent: Lite, Version=3.4.28.8340, Culture=neutral, PublicKeyToken=null from file:///D:/Projects/msr/Photon Server/deploy/Lite/bin/Lite.DLL
2014-12-17 12:41:29,758 [ 1] INFO  PhotonHostRuntime.PhotonDomainManager - Photon SDK:3.4.28.8340
2014-12-17 12:41:29,758 [ 1] INFO  PhotonHostRuntime.PhotonDomainManager - AssemblyLoadEvent: Photon.SocketServer, Version=3.4.28.8340, Culture=neutral, PublicKeyToken=48c2fa3b6988090e from file:///D:/Projects/msr/Photon Server/deploy/Lite/bin/Photon.SocketServer.DLL
2014-12-17 12:41:29,758 [ 1] INFO  PhotonHostRuntime.PhotonDomainManager - AssemblyLoadEvent: ExitGamesLibs, Version=1.0.1.0, Culture=neutral, PublicKeyToken=eac0edd9746a4aa0 from file:///D:/Projects/msr/Photon Server/deploy/Lite/bin/ExitGamesLibs.DLL
2014-12-17 12:41:29,773 [ 1] INFO  PhotonHostRuntime.PhotonDomainManager - AssemblyLoadEvent: System.Core, Version=4.0.0.0, Culture=neutral, PublicKeyToken=b77a5c561934e089 from file:///C:/Windows/Microsoft.Net/assembly/GAC_MSIL/System.Core/v4.0_4.0.0.0__b77a5c561934e089/System.Core.dll
2014-12-17 12:41:29,792 [ 1] INFO  PhotonHostRuntime.PhotonDomainManager - Starting: name = 'Lite', assemblyName = 'Lite', typeName = 'Lite.LiteApplication'
2014-12-17 12:41:29,793 [ 1] INFO  PhotonHostRuntime.PhotonDomainManager - CreateAppDomain: name = 'LiteLobby' , assemblyName = 'LiteLobby'
2014-12-17 12:41:29,793 [ 1] INFO  PhotonHostRuntime.PhotonDomainManager -   ApplicationBase = 'D:\Projects\msr\Photon Server\deploy'
2014-12-17 12:41:29,793 [ 1] INFO  PhotonHostRuntime.PhotonDomainManager -   PrivateBinPath = 'D:\Projects\msr\Photon Server\deploy\LiteLobby\bin;bin_Win64;Shared;'
2014-12-17 12:41:29,793 [ 1] INFO  PhotonHostRuntime.PhotonDomainManager -   ConfigurationFile = 'D:\Projects\msr\Photon Server\deploy\LiteLobby\bin\LiteLobby.dll.config'
2014-12-17 12:41:29,793 [ 1] INFO  PhotonHostRuntime.PhotonDomainManager -   CachePath = 'D:\Projects\msr\Photon Server\deploy\LiteLobby\bin\Cache'
2014-12-17 12:41:29,840 [ 1] INFO  PhotonHostRuntime.PhotonDomainManager -   ApplicationPath = 'D:\Projects\msr\Photon Server\deploy\LiteLobby'
2014-12-17 12:41:29,840 [ 1] INFO  PhotonHostRuntime.PhotonDomainManager -   BinaryPath = 'D:\Projects\msr\Photon Server\deploy\LiteLobby\bin'
2014-12-17 12:41:29,840 [ 1] INFO  PhotonHostRuntime.PhotonDomainManager -   ApplicationRootPath = 'D:\Projects\msr\Photon Server\deploy'
2014-12-17 12:41:29,840 [ 1] INFO  PhotonHostRuntime.PhotonDomainManager -   UnmanagedLogPath = 'D:\Projects\msr\Photon Server\deploy\bin_Win64\log'
2014-12-17 12:41:29,860 [ 1] INFO  PhotonHostRuntime.PhotonDomainManager - AssemblyLoadEvent: LiteLobby, Version=3.4.28.8340, Culture=neutral, PublicKeyToken=null from file:///D:/Projects/msr/Photon Server/deploy/LiteLobby/bin/LiteLobby.DLL
2014-12-17 12:41:29,861 [ 1] INFO  PhotonHostRuntime.PhotonDomainManager - Photon SDK:3.4.28.8340
2014-12-17 12:41:29,866 [ 1] INFO  PhotonHostRuntime.PhotonDomainManager - AssemblyLoadEvent: Lite, Version=3.4.28.8340, Culture=neutral, PublicKeyToken=null from file:///D:/Projects/msr/Photon Server/deploy/LiteLobby/bin/Lite.DLL
2014-12-17 12:41:29,872 [ 1] INFO  PhotonHostRuntime.PhotonDomainManager - AssemblyLoadEvent: Photon.SocketServer, Version=3.4.28.8340, Culture=neutral, PublicKeyToken=48c2fa3b6988090e from file:///D:/Projects/msr/Photon Server/deploy/LiteLobby/bin/Photon.SocketServer.DLL
2014-12-17 12:41:29,878 [ 1] INFO  PhotonHostRuntime.PhotonDomainManager - AssemblyLoadEvent: ExitGamesLibs, Version=1.0.1.0, Culture=neutral, PublicKeyToken=eac0edd9746a4aa0 from file:///D:/Projects/msr/Photon Server/deploy/LiteLobby/bin/ExitGamesLibs.DLL
2014-12-17 12:41:29,884 [ 1] INFO  PhotonHostRuntime.PhotonDomainManager - AssemblyLoadEvent: System.Core, Version=4.0.0.0, Culture=neutral, PublicKeyToken=b77a5c561934e089 from file:///C:/Windows/Microsoft.Net/assembly/GAC_MSIL/System.Core/v4.0_4.0.0.0__b77a5c561934e089/System.Core.dll
2014-12-17 12:41:29,887 [ 1] INFO  PhotonHostRuntime.PhotonDomainManager - Starting: name = 'LiteLobby', assemblyName = 'LiteLobby', typeName = 'LiteLobby.LiteLobbyApplication'
2014-12-17 12:41:29,888 [ 1] INFO  PhotonHostRuntime.PhotonDomainManager - CreateAppDomain: name = 'MmoDemo' , assemblyName = 'Photon.MmoDemo.Server'
2014-12-17 12:41:29,888 [ 1] INFO  PhotonHostRuntime.PhotonDomainManager -   ApplicationBase = 'D:\Projects\msr\Photon Server\deploy'
2014-12-17 12:41:29,888 [ 1] INFO  PhotonHostRuntime.PhotonDomainManager -   PrivateBinPath = 'D:\Projects\msr\Photon Server\deploy\MmoDemo\bin;bin_Win64;Shared;'
2014-12-17 12:41:29,889 [ 1] INFO  PhotonHostRuntime.PhotonDomainManager -   ConfigurationFile = ''
2014-12-17 12:41:29,889 [ 1] INFO  PhotonHostRuntime.PhotonDomainManager -   CachePath = 'D:\Projects\msr\Photon Server\deploy\MmoDemo\bin\Cache'
2014-12-17 12:41:29,946 [ 1] INFO  PhotonHostRuntime.PhotonDomainManager -   ApplicationPath = 'D:\Projects\msr\Photon Server\deploy\MmoDemo'
2014-12-17 12:41:29,946 [ 1] INFO  PhotonHostRuntime.PhotonDomainManager -   BinaryPath = 'D:\Projects\msr\Photon Server\deploy\MmoDemo\bin'
2014-12-17 12:41:29,946 [ 1] INFO  PhotonHostRuntime.PhotonDomainManager -   ApplicationRootPath = 'D:\Projects\msr\Photon Server\deploy'
2014-12-17 12:41:29,946 [ 1] INFO  PhotonHostRuntime.PhotonDomainManager -   UnmanagedLogPath = 'D:\Projects\msr\Photon Server\deploy\bin_Win64\log'
2014-12-17 12:41:29,956 [ 1] INFO  PhotonHostRuntime.PhotonDomainManager - AssemblyLoadEvent: Photon.MmoDemo.Server, Version=3.4.28.8340, Culture=neutral, PublicKeyToken=null from file:///D:/Projects/msr/Photon Server/deploy/MmoDemo/bin/Photon.MmoDemo.Server.DLL
2014-12-17 12:41:29,957 [ 1] INFO  PhotonHostRuntime.PhotonDomainManager - Photon SDK:3.4.28.8340
2014-12-17 12:41:29,958 [ 1] INFO  PhotonHostRuntime.PhotonDomainManager - AssemblyLoadEvent: Photon.SocketServer, Version=3.4.28.8340, Culture=neutral, PublicKeyToken=48c2fa3b6988090e from file:///D:/Projects/msr/Photon Server/deploy/MmoDemo/bin/Photon.SocketServer.DLL
2014-12-17 12:41:29,958 [ 1] INFO  PhotonHostRuntime.PhotonDomainManager - AssemblyLoadEvent: ExitGamesLibs, Version=1.0.1.0, Culture=neutral, PublicKeyToken=eac0edd9746a4aa0 from file:///D:/Projects/msr/Photon Server/deploy/MmoDemo/bin/ExitGamesLibs.DLL
2014-12-17 12:41:29,973 [ 1] INFO  PhotonHostRuntime.PhotonDomainManager - AssemblyLoadEvent: System.Core, Version=4.0.0.0, Culture=neutral, PublicKeyToken=b77a5c561934e089 from file:///C:/Windows/Microsoft.Net/assembly/GAC_MSIL/System.Core/v4.0_4.0.0.0__b77a5c561934e089/System.Core.dll
2014-12-17 12:41:29,973 [ 1] INFO  PhotonHostRuntime.PhotonDomainManager - Starting: name = 'MmoDemo', assemblyName = 'Photon.MmoDemo.Server', typeName = 'Photon.MmoDemo.Server.PhotonApplication'
2014-12-17 12:41:29,973 [ 1] INFO  PhotonHostRuntime.PhotonDomainManager - CreateAppDomain: name = 'CounterPublisher' , assemblyName = 'CounterPublisher'
2014-12-17 12:41:29,973 [ 1] INFO  PhotonHostRuntime.PhotonDomainManager -   ApplicationBase = 'D:\Projects\msr\Photon Server\deploy'
2014-12-17 12:41:29,973 [ 1] INFO  PhotonHostRuntime.PhotonDomainManager -   PrivateBinPath = 'D:\Projects\msr\Photon Server\deploy\CounterPublisher\bin;bin_Win64;Shared;'
2014-12-17 12:41:29,973 [ 1] INFO  PhotonHostRuntime.PhotonDomainManager -   ConfigurationFile = 'D:\Projects\msr\Photon Server\deploy\CounterPublisher\bin\CounterPublisher.dll.config'
2014-12-17 12:41:29,973 [ 1] INFO  PhotonHostRuntime.PhotonDomainManager -   CachePath = 'D:\Projects\msr\Photon Server\deploy\CounterPublisher\bin\Cache'
2014-12-17 12:41:30,121 [ 1] INFO  PhotonHostRuntime.PhotonDomainManager -   ApplicationPath = 'D:\Projects\msr\Photon Server\deploy\CounterPublisher'
2014-12-17 12:41:30,121 [ 1] INFO  PhotonHostRuntime.PhotonDomainManager -   BinaryPath = 'D:\Projects\msr\Photon Server\deploy\CounterPublisher\bin'
2014-12-17 12:41:30,121 [ 1] INFO  PhotonHostRuntime.PhotonDomainManager -   ApplicationRootPath = 'D:\Projects\msr\Photon Server\deploy'
2014-12-17 12:41:30,122 [ 1] INFO  PhotonHostRuntime.PhotonDomainManager -   UnmanagedLogPath = 'D:\Projects\msr\Photon Server\deploy\bin_Win64\log'
2014-12-17 12:41:30,123 [ 1] INFO  PhotonHostRuntime.PhotonDomainManager - AssemblyLoadEvent: CounterPublisher, Version=3.4.28.8340, Culture=neutral, PublicKeyToken=null from file:///D:/Projects/msr/Photon Server/deploy/CounterPublisher/bin/CounterPublisher.DLL
2014-12-17 12:41:30,123 [ 1] INFO  PhotonHostRuntime.PhotonDomainManager - Photon SDK:3.4.28.8340
2014-12-17 12:41:30,123 [ 1] INFO  PhotonHostRuntime.PhotonDomainManager - AssemblyLoadEvent: Photon.SocketServer, Version=3.4.28.8340, Culture=neutral, PublicKeyToken=48c2fa3b6988090e from file:///D:/Projects/msr/Photon Server/deploy/CounterPublisher/bin/Photon.SocketServer.DLL
2014-12-17 12:41:30,139 [ 1] INFO  PhotonHostRuntime.PhotonDomainManager - AssemblyLoadEvent: ExitGamesLibs, Version=1.0.1.0, Culture=neutral, PublicKeyToken=eac0edd9746a4aa0 from file:///D:/Projects/msr/Photon Server/deploy/CounterPublisher/bin/ExitGamesLibs.DLL
2014-12-17 12:41:30,139 [ 1] INFO  PhotonHostRuntime.PhotonDomainManager - AssemblyLoadEvent: System.Core, Version=4.0.0.0, Culture=neutral, PublicKeyToken=b77a5c561934e089 from file:///C:/Windows/Microsoft.Net/assembly/GAC_MSIL/System.Core/v4.0_4.0.0.0__b77a5c561934e089/System.Core.dll
2014-12-17 12:41:30,139 [ 1] INFO  PhotonHostRuntime.PhotonDomainManager - Starting: name = 'CounterPublisher', assemblyName = 'CounterPublisher', typeName = 'Photon.CounterPublisher.Application'
2014-12-17 12:41:30,206 [ 1] INFO  PhotonHostRuntime.PhotonDomainManager - PhotonRunning: ApplicationName = 'CounterPublisher', DomainId='5' -- calling Application.Setup
2014-12-17 12:41:30,206 [ 1] INFO  PhotonHostRuntime.PhotonDomainManager - AssemblyLoadEvent: ExitGames.Logging.Log4Net, Version=1.0.1.0, Culture=neutral, PublicKeyToken=eac0edd9746a4aa0 from file:///D:/Projects/msr/Photon Server/deploy/CounterPublisher/bin/ExitGames.Logging.Log4Net.DLL
2014-12-17 12:41:30,871 [ 1] INFO  PhotonHostRuntime.PhotonDomainManager - PhotonRunning: ApplicationName = 'Lite', DomainId='2' -- calling Application.Setup
2014-12-17 12:41:30,877 [ 1] INFO  PhotonHostRuntime.PhotonDomainManager - AssemblyLoadEvent: ExitGames.Logging.Log4Net, Version=1.0.1.0, Culture=neutral, PublicKeyToken=eac0edd9746a4aa0 from file:///D:/Projects/msr/Photon Server/deploy/Lite/bin/ExitGames.Logging.Log4Net.DLL
2014-12-17 12:41:31,073 [ 1] INFO  PhotonHostRuntime.PhotonDomainManager - PhotonRunning: ApplicationName = 'LiteLobby', DomainId='3' -- calling Application.Setup
2014-12-17 12:41:31,073 [ 1] INFO  PhotonHostRuntime.PhotonDomainManager - AssemblyLoadEvent: ExitGames.Logging.Log4Net, Version=1.0.1.0, Culture=neutral, PublicKeyToken=eac0edd9746a4aa0 from file:///D:/Projects/msr/Photon Server/deploy/LiteLobby/bin/ExitGames.Logging.Log4Net.DLL
2014-12-17 12:41:31,282 [ 1] INFO  PhotonHostRuntime.PhotonDomainManager - PhotonRunning: ApplicationName = 'MmoDemo', DomainId='4' -- calling Application.Setup
2014-12-17 12:41:31,288 [ 1] INFO  PhotonHostRuntime.PhotonDomainManager - AssemblyLoadEvent: ExitGames.Logging.Log4Net, Version=1.0.1.0, Culture=neutral, PublicKeyToken=eac0edd9746a4aa0 from file:///D:/Projects/msr/Photon Server/deploy/MmoDemo/bin/ExitGames.Logging.Log4Net.DLL
2014-12-17 12:41:31,574 [ 1] INFO  PhotonHostRuntime.PhotonDomainManager - PhotonRunning: ApplicationName = 'DefaultDomain', DomainId='1'
2014-12-17 12:42:14,556 [ 1] INFO  PhotonHostRuntime.PhotonDomainManager - RequestStop: ApplicationName = 'CounterPublisher', DomainId='5' -- calling Application.OnStopRequested()
2014-12-17 12:42:14,559 [ 1] INFO  PhotonHostRuntime.PhotonDomainManager - RequestStop: ApplicationName = 'Lite', DomainId='2' -- calling Application.OnStopRequested()
2014-12-17 12:42:14,562 [ 1] INFO  PhotonHostRuntime.PhotonDomainManager - RequestStop: ApplicationName = 'LiteLobby', DomainId='3' -- calling Application.OnStopRequested()
2014-12-17 12:42:14,564 [ 1] INFO  PhotonHostRuntime.PhotonDomainManager - RequestStop: ApplicationName = 'MmoDemo', DomainId='4' -- calling Application.OnStopRequested()
2014-12-17 12:42:14,566 [ 1] INFO  PhotonHostRuntime.PhotonDomainManager - RequestStop: ApplicationName = 'DefaultDomain', DomainId='1'
2014-12-17 12:42:14,567 [ 1] INFO  PhotonHostRuntime.PhotonDomainManager - Stop: ApplicationName = 'CounterPublisher', DomainId='5' -- calling Application.TearDown()
2014-12-17 12:42:14,576 [ 1] INFO  PhotonHostRuntime.PhotonDomainManager - Stop: ApplicationName = 'Lite', DomainId='2' -- calling Application.TearDown()
2014-12-17 12:42:14,577 [ 1] INFO  PhotonHostRuntime.PhotonDomainManager - Stop: ApplicationName = 'LiteLobby', DomainId='3' -- calling Application.TearDown()
2014-12-17 12:42:14,579 [ 1] INFO  PhotonHostRuntime.PhotonDomainManager - Stop: ApplicationName = 'MmoDemo', DomainId='4' -- calling Application.TearDown()
