2014-12-17 12:41:46,280 [1] INFO  Photon.StarDust.Client.Program - Starting 5 games with 3 players
2014-12-17 12:41:47,299 [13] DEBUG Photon.StarDust.Client.Program - peers: 2, r-ev: 4.398918, ur-ev: 0, r-op: 8.797827, ur-op: 0, res: 2.199453, r-rtt: 39, ur-rtt: 0, rtt: 0, var: 0, flsh-rtt: 0, flsh-ev 0, flsh-op 0
2014-12-17 12:41:48,289 [5] DEBUG Photon.StarDust.Client.Program - peers: 2, r-ev: 18.10947, ur-ev: 0, r-op: 19.11557, ur-op: 0, res: 0, r-rtt: 27.44444, ur-rtt: 0, rtt: 0, var: 0, flsh-rtt: 0, flsh-ev 0, flsh-op 0
2014-12-17 12:41:49,300 [25] DEBUG Photon.StarDust.Client.Program - peers: 3, r-ev: 48.50039, ur-ev: 0, r-op: 26.7247, ur-op: 0, res: 0.9898033, r-rtt: 24.67391, ur-rtt: 0, rtt: 0, var: 0, flsh-rtt: 0, flsh-ev 0, flsh-op 0
2014-12-17 12:41:49,940 [6] INFO  Photon.StarDust.Client.Program - [7172] Started game MATTHIEU(7172)1 with 3 clients
2014-12-17 12:41:50,323 [24] DEBUG Photon.StarDust.Client.Program - peers: 4, r-ev: 55.70234, ur-ev: 0, r-op: 29.31702, ur-op: 0, res: 0.977234, r-rtt: 25.67857, ur-rtt: 0, rtt: 0, var: 0, flsh-rtt: 0, flsh-ev 0, flsh-op 0
2014-12-17 12:41:51,340 [10] DEBUG Photon.StarDust.Client.Program - peers: 4, r-ev: 53.12113, ur-ev: 0, r-op: 39.34897, ur-op: 0, res: 0, r-rtt: 31.03704, ur-rtt: 0, rtt: 0, var: 0, flsh-rtt: 0, flsh-ev 0, flsh-op 0
2014-12-17 12:41:52,348 [20] DEBUG Photon.StarDust.Client.Program - peers: 5, r-ev: 77.33757, ur-ev: 0, r-op: 44.61784, ur-op: 0, res: 0.9915073, r-rtt: 25.75, ur-rtt: 0, rtt: 0, var: 0, flsh-rtt: 0, flsh-ev 0, flsh-op 0
2014-12-17 12:41:53,354 [14] DEBUG Photon.StarDust.Client.Program - peers: 6, r-ev: 104.3501, ur-ev: 0, r-op: 52.67192, ur-op: 0, res: 0.9938089, r-rtt: 22.19608, ur-rtt: 0, rtt: 0, var: 0, flsh-rtt: 0, flsh-ev 0, flsh-op 0
2014-12-17 12:41:53,497 [6] INFO  Photon.StarDust.Client.Program - [7172] Started game MATTHIEU(7172)2 with 3 clients
2014-12-17 12:41:54,372 [10] DEBUG Photon.StarDust.Client.Program - peers: 8, r-ev: 110.0154, ur-ev: 0, r-op: 61.88369, ur-op: 0, res: 1.964563, r-rtt: 27.05505, ur-rtt: 0, rtt: 0, var: 0, flsh-rtt: 0, flsh-ev 0, flsh-op 0
2014-12-17 12:41:55,373 [18] DEBUG Photon.StarDust.Client.Program - peers: 8, r-ev: 125.9598, ur-ev: 0, r-op: 78.97474, ur-op: 0, res: 0, r-rtt: 28.26984, ur-rtt: 0, rtt: 0, var: 0, flsh-rtt: 0, flsh-ev 0, flsh-op 0
2014-12-17 12:41:56,373 [5] DEBUG Photon.StarDust.Client.Program - peers: 9, r-ev: 161.0292, ur-ev: 0, r-op: 76.01385, ur-op: 0, res: 1.000183, r-rtt: 28.05696, ur-rtt: 0, rtt: 0, var: 0, flsh-rtt: 0, flsh-ev 0, flsh-op 0
2014-12-17 12:41:56,673 [6] INFO  Photon.StarDust.Client.Program - [7172] Started game MATTHIEU(7172)3 with 3 clients
2014-12-17 12:41:57,373 [10] DEBUG Photon.StarDust.Client.Program - peers: 10, r-ev: 163.9825, ur-ev: 0, r-op: 92.99006, ur-op: 0, res: 0.9998931, r-rtt: 27.32515, ur-rtt: 0, rtt: 0, var: 0, flsh-rtt: 0, flsh-ev 0, flsh-op 0
2014-12-17 12:41:58,376 [11] DEBUG Photon.StarDust.Client.Program - peers: 11, r-ev: 189.2989, ur-ev: 0, r-op: 96.64209, ur-op: 0, res: 0.9963097, r-rtt: 28.43085, ur-rtt: 0, rtt: 0, var: 0, flsh-rtt: 0, flsh-ev 0, flsh-op 0
2014-12-17 12:41:59,405 [11] DEBUG Photon.StarDust.Client.Program - peers: 12, r-ev: 183.7123, ur-ev: 0, r-op: 108.8665, ur-op: 0, res: 0.972023, r-rtt: 28.82258, ur-rtt: 0, rtt: 0, var: 0, flsh-rtt: 0, flsh-ev 0, flsh-op 0
2014-12-17 12:42:00,200 [6] INFO  Photon.StarDust.Client.Program - [7172] Started game MATTHIEU(7172)4 with 3 clients
2014-12-17 12:42:00,410 [10] DEBUG Photon.StarDust.Client.Program - peers: 13, r-ev: 231.8332, ur-ev: 0, r-op: 109.4491, ur-op: 0, res: 0.9949904, r-rtt: 29.19313, ur-rtt: 0, rtt: 0, var: 0, flsh-rtt: 0, flsh-ev 0, flsh-op 0
2014-12-17 12:42:01,410 [24] DEBUG Photon.StarDust.Client.Program - peers: 14, r-ev: 227.9361, ur-ev: 0, r-op: 123.9653, ur-op: 0, res: 0.9997208, r-rtt: 27.13717, ur-rtt: 0, rtt: 0, var: 0, flsh-rtt: 0, flsh-ev 0, flsh-op 0
2014-12-17 12:42:02,054 [6] INFO  Photon.StarDust.Client.Program - [7172] Started game MATTHIEU(7172)5 with 3 clients
2014-12-17 12:42:02,422 [15] DEBUG Photon.StarDust.Client.Program - peers: 15, r-ev: 272.8468, ur-ev: 0, r-op: 139.3891, ur-op: 0, res: 0.9885752, r-rtt: 26.95221, ur-rtt: 0, rtt: 0, var: 0, flsh-rtt: 0, flsh-ev 0, flsh-op 0
2014-12-17 12:42:02,903 [1] INFO  Photon.StarDust.Client.Program - [7172] Shutdown: Stopped game MATTHIEU(7172)1
2014-12-17 12:42:02,903 [1] INFO  Photon.StarDust.Client.Program - [7172] Shutdown: Stopped game MATTHIEU(7172)2
2014-12-17 12:42:02,903 [1] INFO  Photon.StarDust.Client.Program - [7172] Shutdown: Stopped game MATTHIEU(7172)3
2014-12-17 12:42:02,904 [1] INFO  Photon.StarDust.Client.Program - [7172] Shutdown: Stopped game MATTHIEU(7172)4
2014-12-17 12:42:02,904 [1] INFO  Photon.StarDust.Client.Program - [7172] Shutdown: Stopped game MATTHIEU(7172)5
2014-12-17 12:42:02,908 [1] INFO  Photon.StarDust.Client.Program - [7172] Stopped
